<?xml version="1.0" encoding="UTF-8"?>
<!-- Generated by org.testng.reporters.JUnitXMLReporter -->
<testsuite hostname="Harmeet-PC" ignored="0" name="Test" tests="6" failures="0" timestamp="2021-04-25T19:53:59 IST" time="109.817" errors="0">
  <testcase name="f" time="23.036" classname="com.pcs.Locators.AssignCheckBox"/>
  <testcase name="f" time="17.025" classname="com.pcs.Locators.basicLocator"/>
  <testcase name="f" time="20.189" classname="com.pcs.Locators.DateSelectEnableDisable"/>
  <testcase name="Listlocators" time="15.948" classname="com.pcs.Locators.ListLocator"/>
  <testcase name="checkboxs" time="10.461" classname="com.pcs.Locators.ListLocator"/>
  <testcase name="func" time="23.056" classname="com.pcs.Locators.selectDropdown"/>
</testsuite> <!-- Test -->
