<?xml version="1.0" encoding="UTF-8"?>
<!-- Generated by org.testng.reporters.JUnitXMLReporter -->
<testsuite hostname="Harmeet-PC" ignored="6" name="Test" tests="5" failures="1" timestamp="2021-05-21T19:06:32 IST" time="8.226" errors="0">
  <testcase name="StreamMatch" time="0.059" classname="javaStreams.LambdaExp.BasicKnow">
    <failure type="java.lang.AssertionError">
      <![CDATA[java.lang.AssertionError: 
at javaStreams.LambdaExp.BasicKnow.StreamMatch(BasicKnow.java:139)
at java.util.ArrayList.forEach(Unknown Source)
at java.util.concurrent.FutureTask.run(Unknown Source)
at java.util.concurrent.ThreadPoolExecutor.runWorker(Unknown Source)
at java.util.concurrent.ThreadPoolExecutor$Worker.run(Unknown Source)
at java.lang.Thread.run(Unknown Source)
... Removed 21 stack frames]]>
    </failure>
  </testcase> <!-- StreamMatch -->
  <testcase name="ArrayList" time="0.014" classname="javaStreams.LambdaExp.BasicKnow"/>
  <testcase name="AssignStream" time="0.01" classname="javaStreams.LambdaExp.BasicKnow"/>
  <testcase name="funcs" time="8.017" classname="javaStreams.LambdaExp.FilterFunc"/>
  <testcase name="streamCollect" time="0.0" classname="javaStreams.LambdaExp.BasicKnow">
    <skipped/>
  </testcase> <!-- streamCollect -->
  <testcase name="funs" time="0.0" classname="javaStreams.LambdaExp.BasicKnow">
    <ignored/>
  </testcase> <!-- funs -->
  <testcase name="StreamConcat" time="0.0" classname="javaStreams.LambdaExp.BasicKnow">
    <ignored/>
  </testcase> <!-- StreamConcat -->
  <testcase name="StreamFun02" time="0.0" classname="javaStreams.LambdaExp.BasicKnow">
    <ignored/>
  </testcase> <!-- StreamFun02 -->
  <testcase name="StreamFun" time="0.0" classname="javaStreams.LambdaExp.BasicKnow">
    <ignored/>
  </testcase> <!-- StreamFun -->
  <testcase name="StreamFun01" time="0.0" classname="javaStreams.LambdaExp.BasicKnow">
    <ignored/>
  </testcase> <!-- StreamFun01 -->
  <testcase name="func" time="0.0" classname="javaStreams.LambdaExp.webTableSort">
    <ignored/>
  </testcase> <!-- func -->
</testsuite> <!-- Test -->
