<?xml version="1.0" encoding="UTF-8" ?>
<testsuite tests="16" failures="0" name="TestSuite" time="235.583" errors="0" skipped="0">
  <properties>
[...]
</properties>
  <testcase classname="AjaxChildWindowIframe.AjaxMouseTest" name="func" time="15.318"/>
  <testcase classname="com.pcs.Locators.LinkCountsTest" name="LinkCountsFooter" time="28.039"/>
  <testcase classname="AjaxChildWindowIframe.ChildWindowTxtTrimTest" name="window" time="8.99"/>
  <testcase classname="com.pcs.Locators.ListAutocompleteTest" name="Listlocators" time="14.599"/>
  <testcase classname="com.pcs.Locators.ListAutocompleteTest" name="checkboxs" time="7.564"/>
  <testcase classname="AjaxChildWindowIframe.DragDropTest" name="f" time="6.911"/>
  <testcase classname="com.pcs.Locators.opearLocatorTest" name="userNamePwd" time="23.875"/>
  <testcase classname="AjaxChildWindowIframe.IframeTest" name="frame" time="21.184"/>
  <testcase classname="com.pcs.Locators.selectDropdownTest" name="func" time="14.555"/>
  <testcase classname="com.pcs.Locators.SwitchAlertTest" name="AlertSwitch" time="11.815"/>
  <testcase classname="AjaxChildWindowIframe.nestedFramesTest" name="f" time="5.036"/>
  <testcase classname="com.pcs.Locators.AssignCheckBoxTest" name="f" time="14.256"/>
  <testcase classname="excel.tests.ExcelUtilTest" name="ExcelTest" time="1.314"/>
  <testcase classname="com.pcs.Locators.basicLocatorTest" name="f" time="17.824"/>
  <testcase classname="com.pcs.Locators.CalenderLocatorTest" name="func" time="22.056"/>
  <testcase classname="com.pcs.Locators.DateSelectEnableDisableTest" name="f" time="22.247"/>
</testsuite>