<?xml version="1.0" encoding="UTF-8"?>
<testng-results skipped="0" failed="0" ignored="0" total="2" passed="2">
  <reporter-output>
  </reporter-output>
  <suite name="Suite" duration-ms="20546" started-at="2021-03-10T10:24:24 IST" finished-at="2021-03-10T10:24:44 IST">
    <groups>
    </groups>
    <test name="Test" duration-ms="20546" started-at="2021-03-10T10:24:24 IST" finished-at="2021-03-10T10:24:44 IST">
      <class name="excel.tests.LoginPage">
        <test-method status="PASS" signature="LoginTest()[pri:0, instance:excel.tests.LoginPage@4e7dc304]" name="LoginTest" duration-ms="20136" started-at="2021-03-10T10:24:24 IST" finished-at="2021-03-10T10:24:44 IST">
          <reporter-output>
          </reporter-output>
        </test-method> <!-- LoginTest -->
      </class> <!-- excel.tests.LoginPage -->
      <class name="excel.tests.ExcelUtilTest">
        <test-method status="PASS" signature="ExcelTest()[pri:0, instance:excel.tests.ExcelUtilTest@64729b1e]" name="ExcelTest" duration-ms="289" started-at="2021-03-10T10:24:44 IST" finished-at="2021-03-10T10:24:44 IST">
          <reporter-output>
          </reporter-output>
        </test-method> <!-- ExcelTest -->
      </class> <!-- excel.tests.ExcelUtilTest -->
    </test> <!-- Test -->
  </suite> <!-- Suite -->
</testng-results>
